<?xml version="1.0" encoding="UTF-8"?>
<!-- Generated by org.testng.reporters.JUnitReportReporter -->
<testsuite hostname="DML-09303" failures="0" tests="2" name="TestNG0008AnnotationAttributes.ignoreMissingDependencies" time="2.289" errors="0" timestamp="18 Aug 2022 09:38:25 GMT" skipped="1">
  <testcase classname="TestNG0008AnnotationAttributes.ignoreMissingDependencies" name="enterLastName" time="2.289"/>
  <testcase classname="TestNG0008AnnotationAttributes.ignoreMissingDependencies" name="enterFirstName">
    <skipped/>
  </testcase> <!-- enterFirstName -->
</testsuite> <!-- TestNG0008AnnotationAttributes.ignoreMissingDependencies -->
