<?xml version="1.0" encoding="UTF-8"?>
<!-- Generated by org.testng.reporters.JUnitReportReporter -->
<testsuite hostname="DML-09303" failures="0" tests="1" name="TestNG0010DataFromNativeExcelFile.ReadDataWithoutUtilFile" time="0.806" errors="0" timestamp="21 Aug 2022 08:19:10 GMT" skipped="0">
  <testcase classname="TestNG0010DataFromNativeExcelFile.ReadDataWithoutUtilFile" name="readData" time="0.806"/>
</testsuite> <!-- TestNG0010DataFromNativeExcelFile.ReadDataWithoutUtilFile -->
