<?xml version="1.0" encoding="UTF-8"?>
<!-- Generated by org.testng.reporters.JUnitReportReporter -->
<testsuite hostname="DML-09303" failures="0" tests="2" name="TestNG0019ParallelTestingFrameworkIntegration.BaseClass" time="22.739" errors="0" timestamp="02 Sep 2022 14:05:27 GMT" skipped="0">
  <testcase classname="TestNG0019ParallelTestingFrameworkIntegration.BaseClass" name="testBaseSetup" time="16.421"/>
  <testcase classname="TestNG0019ParallelTestingFrameworkIntegration.BaseClass" name="testBaseSetup" time="6.318"/>
</testsuite> <!-- TestNG0019ParallelTestingFrameworkIntegration.BaseClass -->
