<?xml version="1.0" encoding="UTF-8"?>
<!-- Generated by org.testng.reporters.JUnitReportReporter -->
<testsuite hostname="DML-09303" failures="0" tests="2" name="TestNG0006AnnotationImplementation.MultipleTestAnnotation" time="26.840" errors="0" timestamp="14 Aug 2022 12:06:28 GMT" skipped="0">
  <testcase classname="TestNG0006AnnotationImplementation.MultipleTestAnnotation" name="navigateToGoogle" time="17.383"/>
  <testcase classname="TestNG0006AnnotationImplementation.MultipleTestAnnotation" name="openPrivacyPolicy" time="9.457"/>
</testsuite> <!-- TestNG0006AnnotationImplementation.MultipleTestAnnotation -->
