<?xml version="1.0" encoding="UTF-8"?>
<!-- Generated by org.testng.reporters.JUnitReportReporter -->
<testsuite hostname="DML-09303" failures="0" tests="2" name="TestNG0008AnnotationAttributes.inheritGroups" time="8.255" errors="0" timestamp="18 Aug 2022 11:27:56 GMT" skipped="0">
  <testcase classname="TestNG0008AnnotationAttributes.inheritGroups" name="enterFirstName" time="4.135"/>
  <testcase classname="TestNG0008AnnotationAttributes.inheritGroups" name="enterLastName" time="4.120"/>
</testsuite> <!-- TestNG0008AnnotationAttributes.inheritGroups -->
