<?xml version="1.0" encoding="UTF-8"?>
<!-- Generated by org.testng.reporters.JUnitReportReporter -->
<testsuite hostname="DML-09303" failures="0" tests="2" name="TestNG0007AnnotationHierarchy.RegistrationForm" time="8.255" errors="0" timestamp="16 Aug 2022 09:28:19 GMT" skipped="0">
  <testcase classname="TestNG0007AnnotationHierarchy.RegistrationForm" name="enterFirstName" time="4.144"/>
  <testcase classname="TestNG0007AnnotationHierarchy.RegistrationForm" name="enterLastName" time="4.111"/>
</testsuite> <!-- TestNG0007AnnotationHierarchy.RegistrationForm -->
