<?xml version="1.0" encoding="UTF-8"?>
<!-- Generated by org.testng.reporters.JUnitReportReporter -->
<testsuite hostname="DML-09303" failures="0" tests="2" name="TestNG0009DataFromSpreadsheet.RealExampleOfWritingData" time="10.930" errors="0" timestamp="29 Aug 2022 11:23:07 GMT" skipped="0">
  <testcase classname="TestNG0009DataFromSpreadsheet.RealExampleOfWritingData" name="enterFirstName" time="2.384"/>
  <testcase classname="TestNG0009DataFromSpreadsheet.RealExampleOfWritingData" name="writeValueInDifferentSheet" time="8.546"/>
</testsuite> <!-- TestNG0009DataFromSpreadsheet.RealExampleOfWritingData -->
