<?xml version="1.0" encoding="UTF-8"?>
<!-- Generated by org.testng.reporters.JUnitReportReporter -->
<testsuite hostname="DML-09303" failures="0" tests="2" name="TestNG0006AnnotationImplementation.SuiteBeforeAfterTestImplementation" time="4.404" errors="0" timestamp="14 Aug 2022 16:06:35 GMT" skipped="0">
  <testcase classname="TestNG0006AnnotationImplementation.SuiteBeforeAfterTestImplementation" name="enterEmail" time="2.265"/>
  <testcase classname="TestNG0006AnnotationImplementation.SuiteBeforeAfterTestImplementation" name="enterFullName" time="2.139"/>
</testsuite> <!-- TestNG0006AnnotationImplementation.SuiteBeforeAfterTestImplementation -->
