<?xml version="1.0" encoding="UTF-8"?>
<!-- Generated by org.testng.reporters.JUnitReportReporter -->
<testsuite hostname="DML-09303" failures="0" tests="2" name="TestNG0008AnnotationAttributes.LastTimeOnly" time="11.163" errors="0" timestamp="16 Aug 2022 15:47:45 GMT" skipped="0">
  <testcase classname="TestNG0008AnnotationAttributes.LastTimeOnly" name="enterFullName" time="4.177"/>
  <testcase classname="TestNG0008AnnotationAttributes.LastTimeOnly" name="enterEmailID" time="6.986"/>
</testsuite> <!-- TestNG0008AnnotationAttributes.LastTimeOnly -->
