<?xml version="1.0" encoding="UTF-8"?>
<!-- Generated by org.testng.reporters.JUnitReportReporter -->
<testsuite hostname="DML-09303" failures="0" tests="3" name="TestNG0008AnnotationAttributes.DependsOnMethod" time="6.891" errors="0" timestamp="16 Aug 2022 14:13:55 GMT" skipped="0">
  <testcase classname="TestNG0008AnnotationAttributes.DependsOnMethod" name="enterFirstName" time="2.274"/>
  <testcase classname="TestNG0008AnnotationAttributes.DependsOnMethod" name="enterEmailID" time="2.425"/>
  <testcase classname="TestNG0008AnnotationAttributes.DependsOnMethod" name="enterLastName" time="2.192"/>
</testsuite> <!-- TestNG0008AnnotationAttributes.DependsOnMethod -->
