<?xml version="1.0" encoding="UTF-8"?>
<!-- Generated by org.testng.reporters.JUnitReportReporter -->
<testsuite hostname="DML-09303" failures="0" tests="2" name="TestNG0008AnnotationAttributes.Enabled" time="2.289" errors="0" timestamp="16 Aug 2022 14:20:42 GMT" skipped="1">
  <testcase classname="TestNG0008AnnotationAttributes.Enabled" name="enterLastName" time="2.289"/>
  <testcase classname="TestNG0008AnnotationAttributes.Enabled" name="enterFirstName">
    <skipped/>
  </testcase> <!-- enterFirstName -->
</testsuite> <!-- TestNG0008AnnotationAttributes.Enabled -->
