<?xml version="1.0" encoding="UTF-8"?>
<!-- Generated by org.testng.reporters.JUnitReportReporter -->
<testsuite hostname="DML-09303" failures="0" tests="3" name="TestNG0012TestNGXMLOperations.ParameterizationUsingDataProviderInSaperateClass" time="33.211" errors="0" timestamp="22 Aug 2022 10:21:39 GMT" skipped="0">
  <testcase classname="TestNG0012TestNGXMLOperations.ParameterizationUsingDataProviderInSaperateClass" name="loginForm" time="11.107"/>
  <testcase classname="TestNG0012TestNGXMLOperations.ParameterizationUsingDataProviderInSaperateClass" name="loginForm" time="10.773"/>
  <testcase classname="TestNG0012TestNGXMLOperations.ParameterizationUsingDataProviderInSaperateClass" name="loginForm" time="11.331"/>
</testsuite> <!-- TestNG0012TestNGXMLOperations.ParameterizationUsingDataProviderInSaperateClass -->
