<?xml version="1.0" encoding="UTF-8"?>
<!-- Generated by org.testng.reporters.JUnitReportReporter -->
<testsuite hostname="DML-09303" failures="0" tests="2" name="TestNG0008AnnotationAttributes.InvocationCount" time="28.393" errors="0" timestamp="16 Aug 2022 15:11:44 GMT" skipped="0">
  <testcase classname="TestNG0008AnnotationAttributes.InvocationCount" name="openPrivacyPolicy" time="14.449"/>
  <testcase classname="TestNG0008AnnotationAttributes.InvocationCount" name="openPrivacyPolicy" time="13.944"/>
</testsuite> <!-- TestNG0008AnnotationAttributes.InvocationCount -->
