<?xml version="1.0" encoding="UTF-8"?>
<!-- Generated by org.testng.reporters.JUnitReportReporter -->
<testsuite hostname="DML-5HZMLL3" failures="0" tests="1" name="TestNG0011WebDriverManager.ChromeBrowser" time="6.148" errors="0" timestamp="2024-07-24T08:21:00 IST" skipped="0">
  <testcase classname="TestNG0011WebDriverManager.ChromeBrowser" name="launchBrowser" time="6.148"/>
</testsuite> <!-- TestNG0011WebDriverManager.ChromeBrowser -->
