<?xml version="1.0" encoding="UTF-8"?>
<!-- Generated by org.testng.reporters.JUnitReportReporter -->
<testsuite hostname="DML-09303" failures="0" tests="2" name="TestNG0006AnnotationImplementation.SuiteAfterSuiteAnnotation" time="4.410" errors="0" timestamp="14 Aug 2022 16:02:41 GMT" skipped="0">
  <testcase classname="TestNG0006AnnotationImplementation.SuiteAfterSuiteAnnotation" name="enterEmail" time="2.265"/>
  <testcase classname="TestNG0006AnnotationImplementation.SuiteAfterSuiteAnnotation" name="enterFullName" time="2.145"/>
</testsuite> <!-- TestNG0006AnnotationImplementation.SuiteAfterSuiteAnnotation -->
