<?xml version="1.0" encoding="UTF-8"?>
<!-- Generated by org.testng.reporters.JUnitReportReporter -->
<testsuite hostname="DML-5HZMLL3" failures="0" tests="1" name="TestNG0010DataFromNativeExcelFile.ReadDataWithoutUtilFile" time="0.503" errors="0" timestamp="2024-09-30T15:07:39 IST" skipped="0">
  <testcase classname="TestNG0010DataFromNativeExcelFile.ReadDataWithoutUtilFile" name="readData" time="0.503"/>
</testsuite> <!-- TestNG0010DataFromNativeExcelFile.ReadDataWithoutUtilFile -->
