<?xml version="1.0" encoding="UTF-8"?>
<!-- Generated by org.testng.reporters.JUnitReportReporter -->
<testsuite hostname="DML-09303" failures="0" tests="2" name="TestNG0014ListenerClassesExecution.ITestListenerExecution" time="4.643" errors="0" timestamp="22 Aug 2022 11:43:32 GMT" skipped="0">
  <testcase classname="TestNG0014ListenerClassesExecution.ITestListenerExecution" name="enterEmail" time="2.376"/>
  <testcase classname="TestNG0014ListenerClassesExecution.ITestListenerExecution" name="enterEmail" time="2.267"/>
</testsuite> <!-- TestNG0014ListenerClassesExecution.ITestListenerExecution -->
