<?xml version="1.0" encoding="UTF-8"?>
<!-- Generated by org.testng.reporters.JUnitReportReporter -->
<testsuite hostname="DML-09303" failures="0" tests="4" name="TestNG0006AnnotationImplementation.GroupAfterGroupAnnotation" time="4.578" errors="0" timestamp="14 Aug 2022 16:24:50 GMT" skipped="0">
  <testcase classname="TestNG0006AnnotationImplementation.GroupAfterGroupAnnotation" name="enterFullName" time="2.151"/>
  <testcase classname="TestNG0006AnnotationImplementation.GroupAfterGroupAnnotation" name="enterLastName" time="2.135"/>
  <testcase classname="TestNG0006AnnotationImplementation.GroupAfterGroupAnnotation" name="enterEmailID" time="0.175"/>
  <testcase classname="TestNG0006AnnotationImplementation.GroupAfterGroupAnnotation" name="enterEmailIDAfterDot" time="0.117"/>
</testsuite> <!-- TestNG0006AnnotationImplementation.GroupAfterGroupAnnotation -->
