<?xml version="1.0" encoding="UTF-8"?>
<!-- Generated by org.testng.reporters.JUnitReportReporter -->
<testsuite hostname="DML-09303" failures="0" tests="2" name="TestNG0006AnnotationImplementation.MethodBeforeMethodAnnotation" time="9.490" errors="0" timestamp="14 Aug 2022 13:34:35 GMT" skipped="0">
  <testcase classname="TestNG0006AnnotationImplementation.MethodBeforeMethodAnnotation" name="enterFullName" time="4.278"/>
  <testcase classname="TestNG0006AnnotationImplementation.MethodBeforeMethodAnnotation" name="enterEmailID" time="5.212"/>
</testsuite> <!-- TestNG0006AnnotationImplementation.MethodBeforeMethodAnnotation -->
