<?xml version="1.0" encoding="UTF-8"?>
<!-- Generated by org.testng.reporters.JUnitReportReporter -->
<testsuite hostname="DML-09303" failures="0" tests="2" name="TestNG0006AnnotationImplementation.MultipleTestAnnotationWithPriority" time="0.000" errors="0" timestamp="14 Aug 2022 12:44:09 GMT" skipped="2">
  <testcase classname="TestNG0006AnnotationImplementation.MultipleTestAnnotationWithPriority" name="openPrivacyPolicy" time="0.000">
    <skipped/>
  </testcase> <!-- openPrivacyPolicy -->
  <testcase classname="TestNG0006AnnotationImplementation.MultipleTestAnnotationWithPriority" name="navigateToGoogle" time="0.000">
    <skipped/>
  </testcase> <!-- navigateToGoogle -->
</testsuite> <!-- TestNG0006AnnotationImplementation.MultipleTestAnnotationWithPriority -->
