<?xml version="1.0" encoding="UTF-8"?>
<!-- Generated by org.testng.reporters.JUnitReportReporter -->
<testsuite hostname="DML-09303" failures="0" tests="2" name="TestNG0006AnnotationImplementation.MethodAfterMethodAnnotation" time="8.922" errors="0" timestamp="14 Aug 2022 13:42:17 GMT" skipped="0">
  <testcase classname="TestNG0006AnnotationImplementation.MethodAfterMethodAnnotation" name="enterFullName" time="4.483"/>
  <testcase classname="TestNG0006AnnotationImplementation.MethodAfterMethodAnnotation" name="enterEmailID" time="4.439"/>
</testsuite> <!-- TestNG0006AnnotationImplementation.MethodAfterMethodAnnotation -->
