<?xml version="1.0" encoding="UTF-8"?>
<!-- Generated by org.testng.reporters.JUnitReportReporter -->
<testsuite hostname="DML-09303" failures="0" tests="2" name="TestNG0006AnnotationImplementation.BeforeClassAnnotation" time="5.422" errors="0" timestamp="14 Aug 2022 12:47:09 GMT" skipped="0">
  <testcase classname="TestNG0006AnnotationImplementation.BeforeClassAnnotation" name="enterFullName" time="2.288"/>
  <testcase classname="TestNG0006AnnotationImplementation.BeforeClassAnnotation" name="enterEmailID" time="3.134"/>
</testsuite> <!-- TestNG0006AnnotationImplementation.BeforeClassAnnotation -->
