<?xml version="1.0" encoding="UTF-8"?>
<!-- Generated by org.testng.reporters.JUnitReportReporter -->
<testsuite hostname="DML-09303" failures="0" tests="2" name="TestNG0014ListenerClassesExecution.IExecutionListenerExecution" time="4.351" errors="0" timestamp="26 Aug 2022 13:54:29 GMT" skipped="0">
  <testcase classname="TestNG0014ListenerClassesExecution.IExecutionListenerExecution" name="enterEmail" time="2.222"/>
  <testcase classname="TestNG0014ListenerClassesExecution.IExecutionListenerExecution" name="enterPassword" time="2.129"/>
</testsuite> <!-- TestNG0014ListenerClassesExecution.IExecutionListenerExecution -->
