<?xml version="1.0" encoding="UTF-8"?>
<!-- Generated by org.testng.reporters.JUnitReportReporter -->
<testsuite hostname="DML-09303" failures="0" tests="1" name="TestNG0006AnnotationImplementation.SuiteBeforeSuiteAnnotation" time="2.162" errors="0" timestamp="14 Aug 2022 15:45:07 GMT" skipped="0">
  <testcase classname="TestNG0006AnnotationImplementation.SuiteBeforeSuiteAnnotation" name="enterFullName" time="2.162"/>
</testsuite> <!-- TestNG0006AnnotationImplementation.SuiteBeforeSuiteAnnotation -->
