<?xml version="1.0" encoding="UTF-8"?>
<!-- Generated by org.testng.reporters.JUnitReportReporter -->
<testsuite hostname="DML-09303" failures="0" tests="1" name="TestNG0009DataFromSpreadsheet.RealExample" time="3.271" errors="0" timestamp="21 Aug 2022 12:32:41 GMT" skipped="0">
  <testcase classname="TestNG0009DataFromSpreadsheet.RealExample" name="enterFirstName" time="3.271"/>
</testsuite> <!-- TestNG0009DataFromSpreadsheet.RealExample -->
