<?xml version="1.0" encoding="UTF-8"?>
<!-- Generated by org.testng.reporters.JUnitReportReporter -->
<testsuite hostname="DML-09303" failures="0" tests="1" name="TestNG0011WebDriverManager.PhantomJSBrowser2" time="2.045" errors="0" timestamp="21 Aug 2022 14:04:13 GMT" skipped="0">
  <testcase classname="TestNG0011WebDriverManager.PhantomJSBrowser2" name="launchBrowser" time="2.045"/>
</testsuite> <!-- TestNG0011WebDriverManager.PhantomJSBrowser2 -->
