<?xml version="1.0" encoding="UTF-8"?>
<!-- Generated by org.testng.reporters.JUnitReportReporter -->
<testsuite hostname="DML-09303" failures="0" tests="1" name="TestNG0009DataFromSpreadsheet.FetchDataFromSpreadSheet" time="8.680" errors="0" timestamp="21 Aug 2022 07:27:14 GMT" skipped="0">
  <testcase classname="TestNG0009DataFromSpreadsheet.FetchDataFromSpreadSheet" name="readData" time="8.680"/>
</testsuite> <!-- TestNG0009DataFromSpreadsheet.FetchDataFromSpreadSheet -->
