<?xml version="1.0" encoding="UTF-8"?>
<!-- Generated by org.testng.reporters.JUnitReportReporter -->
<testsuite hostname="DML-09303" failures="0" tests="3" name="TestNG0014ListenerClassesExecution.ISuiteListenerExecution" time="18.497" errors="0" timestamp="23 Aug 2022 11:42:02 GMT" skipped="0">
  <testcase classname="TestNG0014ListenerClassesExecution.ISuiteListenerExecution" name="enterEmail" time="6.268"/>
  <testcase classname="TestNG0014ListenerClassesExecution.ISuiteListenerExecution" name="enterPassword" time="6.135"/>
  <testcase classname="TestNG0014ListenerClassesExecution.ISuiteListenerExecution" name="clickLoginButton" time="6.094"/>
</testsuite> <!-- TestNG0014ListenerClassesExecution.ISuiteListenerExecution -->
