<?xml version="1.0" encoding="UTF-8"?>
<!-- Generated by org.testng.reporters.JUnitReportReporter -->
<testsuite hostname="DML-09303" failures="0" tests="3" name="TestNG0014ListenerClassesExecution.IHookableListenerExecution" time="21.336" errors="0" timestamp="22 Aug 2022 14:31:24 GMT" skipped="0">
  <testcase classname="TestNG0014ListenerClassesExecution.IHookableListenerExecution" name="loginForm" time="0.011"/>
  <testcase classname="TestNG0014ListenerClassesExecution.IHookableListenerExecution" name="loginForm" time="11.600"/>
  <testcase classname="TestNG0014ListenerClassesExecution.IHookableListenerExecution" name="loginForm" time="9.725"/>
</testsuite> <!-- TestNG0014ListenerClassesExecution.IHookableListenerExecution -->
