<?xml version="1.0" encoding="UTF-8"?>
<!-- Generated by org.testng.reporters.JUnitReportReporter -->
<testsuite hostname="DML-09303" failures="0" tests="1" name="TestNG0012TestNGXMLOperations.RunFirstProgramFromTestNG" time="13.688" errors="0" timestamp="02 Sep 2022 08:04:29 GMT" skipped="0">
  <testcase classname="TestNG0012TestNGXMLOperations.RunFirstProgramFromTestNG" name="launchBrowser" time="13.688"/>
</testsuite> <!-- TestNG0012TestNGXMLOperations.RunFirstProgramFromTestNG -->
