<?xml version="1.0" encoding="UTF-8"?>
<!-- Generated by org.testng.reporters.JUnitReportReporter -->
<testsuite hostname="DML-09303" failures="0" tests="3" name="TestNG0008AnnotationAttributes.DependsOnGroup" time="6.908" errors="0" timestamp="16 Aug 2022 14:09:21 GMT" skipped="0">
  <testcase classname="TestNG0008AnnotationAttributes.DependsOnGroup" name="enterLastName" time="2.220"/>
  <testcase classname="TestNG0008AnnotationAttributes.DependsOnGroup" name="enterFirstName" time="2.298"/>
  <testcase classname="TestNG0008AnnotationAttributes.DependsOnGroup" name="enterEmailID" time="2.390"/>
</testsuite> <!-- TestNG0008AnnotationAttributes.DependsOnGroup -->
