<?xml version="1.0" encoding="UTF-8"?>
<!-- Generated by org.testng.reporters.JUnitReportReporter -->
<testsuite hostname="DML-09303" failures="0" tests="1" name="TestNG0018FrameworkIntegration.Program2" time="3.388" errors="0" timestamp="16 Jun 2023 05:49:58 GMT" skipped="0">
  <testcase classname="TestNG0018FrameworkIntegration.Program2" name="createbanner" time="3.388"/>
</testsuite> <!-- TestNG0018FrameworkIntegration.Program2 -->
