<?xml version="1.0" encoding="UTF-8"?>
<!-- Generated by org.testng.reporters.JUnitReportReporter -->
<testsuite hostname="DML-09303" failures="0" tests="2" name="TestNG0006AnnotationImplementation.AfterTestAnnotation" time="0.000" errors="0" timestamp="14 Aug 2022 12:44:09 GMT" skipped="2">
  <testcase classname="TestNG0006AnnotationImplementation.AfterTestAnnotation" name="enterFullName" time="0.000">
    <skipped/>
  </testcase> <!-- enterFullName -->
  <testcase classname="TestNG0006AnnotationImplementation.AfterTestAnnotation" name="enterEmailID" time="0.000">
    <skipped/>
  </testcase> <!-- enterEmailID -->
</testsuite> <!-- TestNG0006AnnotationImplementation.AfterTestAnnotation -->
