<?xml version="1.0" encoding="UTF-8"?>
<!-- Generated by org.testng.reporters.JUnitReportReporter -->
<testsuite hostname="DML-09303" failures="0" tests="1" name="TestNG0010DataFromNativeExcelFile.WriteDataInNewCellExistingRow" time="1.300" errors="0" timestamp="21 Aug 2022 12:09:38 GMT" skipped="0">
  <testcase classname="TestNG0010DataFromNativeExcelFile.WriteDataInNewCellExistingRow" name="writeData" time="1.300"/>
</testsuite> <!-- TestNG0010DataFromNativeExcelFile.WriteDataInNewCellExistingRow -->
