<?xml version="1.0" encoding="UTF-8"?>
<!-- Generated by org.testng.reporters.JUnitReportReporter -->
<testsuite hostname="DML-09303" failures="0" tests="1" name="TestNG0012TestNGXMLOperations.ParameterizationUsingAnnotation" time="8.932" errors="0" timestamp="22 Aug 2022 09:53:46 GMT" skipped="0">
  <testcase classname="TestNG0012TestNGXMLOperations.ParameterizationUsingAnnotation" name="loginForm" time="8.932"/>
</testsuite> <!-- TestNG0012TestNGXMLOperations.ParameterizationUsingAnnotation -->
