<?xml version="1.0" encoding="UTF-8"?>
<!-- Generated by org.testng.reporters.JUnitReportReporter -->
<testsuite hostname="DML-09303" failures="0" tests="1" name="TestNG0014ListenerClassesExecution.IInvokedMethodListenerExecution" time="6.393" errors="0" timestamp="22 Aug 2022 14:42:26 GMT" skipped="0">
  <testcase classname="TestNG0014ListenerClassesExecution.IInvokedMethodListenerExecution" name="enterEmail" time="6.393"/>
</testsuite> <!-- TestNG0014ListenerClassesExecution.IInvokedMethodListenerExecution -->
