<?xml version="1.0" encoding="UTF-8"?>
<!-- Generated by org.testng.reporters.JUnitReportReporter -->
<testsuite hostname="DML-09303" failures="0" tests="1" name="TestNG0010DataFromNativeExcelFile.ReadDataUsingUtilFile" time="0.529" errors="0" timestamp="21 Aug 2022 12:42:36 GMT" skipped="0">
  <testcase classname="TestNG0010DataFromNativeExcelFile.ReadDataUsingUtilFile" name="readData" time="0.529"/>
</testsuite> <!-- TestNG0010DataFromNativeExcelFile.ReadDataUsingUtilFile -->
