<?xml version="1.0" encoding="UTF-8"?>
<!-- Generated by org.testng.reporters.JUnitReportReporter -->
<testsuite hostname="DML-09303" failures="0" tests="1" name="TestNG0006AnnotationImplementation.SingleTestAnnotation" time="0.000" errors="0" timestamp="14 Aug 2022 12:44:09 GMT" skipped="1">
  <testcase classname="TestNG0006AnnotationImplementation.SingleTestAnnotation" name="ac" time="0.000">
    <skipped/>
  </testcase> <!-- ac -->
</testsuite> <!-- TestNG0006AnnotationImplementation.SingleTestAnnotation -->
