<?xml version="1.0" encoding="UTF-8"?>
<!-- Generated by org.testng.reporters.JUnitReportReporter -->
<testsuite hostname="DML-09303" failures="0" tests="3" name="TestNG0014ListenerClassesExecution.IConfigurationListenerExecution" time="18.503" errors="0" timestamp="26 Aug 2022 13:52:51 GMT" skipped="0">
  <testcase classname="TestNG0014ListenerClassesExecution.IConfigurationListenerExecution" name="enterEmail" time="6.249"/>
  <testcase classname="TestNG0014ListenerClassesExecution.IConfigurationListenerExecution" name="enterPassword" time="6.140"/>
  <testcase classname="TestNG0014ListenerClassesExecution.IConfigurationListenerExecution" name="clickLoginButton" time="6.114"/>
</testsuite> <!-- TestNG0014ListenerClassesExecution.IConfigurationListenerExecution -->
