<?xml version="1.0" encoding="UTF-8"?>
<!-- Generated by org.testng.reporters.JUnitReportReporter -->
<testsuite hostname="DML-09303" failures="0" tests="1" name="TestNG0012TestNGXMLOperations.RunFirstProgramFromTestNG" time="12.492" errors="0" timestamp="27 Aug 2022 14:02:17 GMT" skipped="0">
  <testcase classname="TestNG0012TestNGXMLOperations.RunFirstProgramFromTestNG" name="launchBrowser" time="12.492"/>
</testsuite> <!-- TestNG0012TestNGXMLOperations.RunFirstProgramFromTestNG -->
