<?xml version="1.0" encoding="UTF-8"?>
<!-- Generated by org.testng.reporters.JUnitReportReporter -->
<testsuite hostname="DML-09303" failures="0" tests="1" name="TestNG0015Log4j.Log" time="0.008" errors="0" timestamp="23 Aug 2022 16:00:35 GMT" skipped="0">
  <testcase classname="TestNG0015Log4j.Log" name="start" time="0.008"/>
</testsuite> <!-- TestNG0015Log4j.Log -->
