<?xml version="1.0" encoding="UTF-8"?>
<!-- Generated by org.testng.reporters.JUnitReportReporter -->
<testsuite hostname="DML-09303" failures="0" tests="1" name="TestNG0012TestNGOperations.ParameterizationUsingAnnotation" time="9.027" errors="0" timestamp="22 Aug 2022 09:46:13 GMT" skipped="0">
  <testcase classname="TestNG0012TestNGOperations.ParameterizationUsingAnnotation" name="loginForm" time="9.027"/>
</testsuite> <!-- TestNG0012TestNGOperations.ParameterizationUsingAnnotation -->
