<?xml version="1.0" encoding="UTF-8"?>
<!-- Generated by org.testng.reporters.JUnitReportReporter -->
<testsuite hostname="DML-09303" failures="0" tests="2" name="TestNG0009DataFromSpreadsheet.RealExampleOfWritingData" time="8.289" errors="0" timestamp="22 Aug 2022 07:26:54 GMT" skipped="0">
  <testcase classname="TestNG0009DataFromSpreadsheet.RealExampleOfWritingData" name="enterFirstName" time="2.468"/>
  <testcase classname="TestNG0009DataFromSpreadsheet.RealExampleOfWritingData" name="writeValueInDifferentSheet" time="5.821"/>
</testsuite> <!-- TestNG0009DataFromSpreadsheet.RealExampleOfWritingData -->
