<?xml version="1.0" encoding="UTF-8"?>
<!-- Generated by org.testng.reporters.JUnitReportReporter -->
<testsuite hostname="DML-09303" failures="0" tests="1" name="TestNG0006AnnotationImplementation.test" time="9.797" errors="0" timestamp="29 Nov 2022 13:52:00 GMT" skipped="0">
  <testcase classname="TestNG0006AnnotationImplementation.test" name="abc" time="9.797"/>
</testsuite> <!-- TestNG0006AnnotationImplementation.test -->
