<?xml version="1.0" encoding="UTF-8"?>
<!-- Generated by org.testng.reporters.JUnitReportReporter -->
<testsuite hostname="DML-09303" failures="0" tests="2" name="TestNG0007AnnotationHierarchy.RegistrationForm" time="8.406" errors="0" timestamp="29 Aug 2022 12:01:56 GMT" skipped="0">
  <testcase classname="TestNG0007AnnotationHierarchy.RegistrationForm" name="enterFirstName" time="4.251"/>
  <testcase classname="TestNG0007AnnotationHierarchy.RegistrationForm" name="enterLastName" time="4.155"/>
</testsuite> <!-- TestNG0007AnnotationHierarchy.RegistrationForm -->
