<?xml version="1.0" encoding="UTF-8"?>
<!-- Generated by org.testng.reporters.JUnitReportReporter -->
<testsuite hostname="DML-09303" failures="0" tests="1" name="TestNG0009DataFromSpreadsheet.PrintListOfData" time="1.395" errors="1" timestamp="22 Aug 2022 07:51:50 GMT" skipped="0">
  <testcase classname="TestNG0009DataFromSpreadsheet.PrintListOfData" name="printListOfData" time="1.395">
    <error message="400 Bad Request
{
  &quot;code&quot; : 400,
  &quot;errors&quot; : [ {
    &quot;domain&quot; : &quot;global&quot;,
    &quot;message&quot; : &quot;Requested writing within range [List!B1:B16], but tried writing to column [C]&quot;,
    &quot;reason&quot; : &quot;badRequest&quot;
  } ],
  &quot;message&quot; : &quot;Requested writing within range [List!B1:B16], but tried writing to column [C]&quot;,
  &quot;status&quot; : &quot;INVALID_ARGUMENT&quot;
}" type="com.google.api.client.googleapis.json.GoogleJsonResponseException">
      <![CDATA[com.google.api.client.googleapis.json.GoogleJsonResponseException: 400 Bad Request
{
  "code" : 400,
  "errors" : [ {
    "domain" : "global",
    "message" : "Requested writing within range [List!B1:B16], but tried writing to column [C]",
    "reason" : "badRequest"
  } ],
  "message" : "Requested writing within range [List!B1:B16], but tried writing to column [C]",
  "status" : "INVALID_ARGUMENT"
}
at com.google.api.client.googleapis.json.GoogleJsonResponseException.from(GoogleJsonResponseException.java:146)
at com.google.api.client.googleapis.services.json.AbstractGoogleJsonClientRequest.newExceptionOnError(AbstractGoogleJsonClientRequest.java:113)
at com.google.api.client.googleapis.services.json.AbstractGoogleJsonClientRequest.newExceptionOnError(AbstractGoogleJsonClientRequest.java:40)
at com.google.api.client.googleapis.services.AbstractGoogleClientRequest$1.interceptResponse(AbstractGoogleClientRequest.java:321)
at com.google.api.client.http.HttpRequest.execute(HttpRequest.java:1065)
at com.google.api.client.googleapis.services.AbstractGoogleClientRequest.executeUnparsed(AbstractGoogleClientRequest.java:419)
at com.google.api.client.googleapis.services.AbstractGoogleClientRequest.executeUnparsed(AbstractGoogleClientRequest.java:352)
at com.google.api.client.googleapis.services.AbstractGoogleClientRequest.execute(AbstractGoogleClientRequest.java:469)
at Utils.SpreadsheetReader.writeSheet(SpreadsheetReader.java:156)
at TestNG0009DataFromSpreadsheet.PrintListOfData.printListOfData(PrintListOfData.java:63)
at java.base/jdk.internal.reflect.NativeMethodAccessorImpl.invoke0(Native Method)
at java.base/jdk.internal.reflect.NativeMethodAccessorImpl.invoke(NativeMethodAccessorImpl.java:62)
at java.base/jdk.internal.reflect.DelegatingMethodAccessorImpl.invoke(DelegatingMethodAccessorImpl.java:43)
at java.base/java.lang.reflect.Method.invoke(Method.java:566)
at org.testng.internal.MethodInvocationHelper.invokeMethod(MethodInvocationHelper.java:124)
at org.testng.internal.Invoker.invokeMethod(Invoker.java:583)
at org.testng.internal.Invoker.invokeTestMethod(Invoker.java:719)
at org.testng.internal.Invoker.invokeTestMethods(Invoker.java:989)
at org.testng.internal.TestMethodWorker.invokeTestMethods(TestMethodWorker.java:125)
at org.testng.internal.TestMethodWorker.run(TestMethodWorker.java:109)
at org.testng.TestRunner.privateRun(TestRunner.java:648)
at org.testng.TestRunner.run(TestRunner.java:505)
at org.testng.SuiteRunner.runTest(SuiteRunner.java:455)
at org.testng.SuiteRunner.runSequentially(SuiteRunner.java:450)
at org.testng.SuiteRunner.privateRun(SuiteRunner.java:415)
at org.testng.SuiteRunner.run(SuiteRunner.java:364)
at org.testng.SuiteRunnerWorker.runSuite(SuiteRunnerWorker.java:52)
at org.testng.SuiteRunnerWorker.run(SuiteRunnerWorker.java:84)
at org.testng.TestNG.runSuitesSequentially(TestNG.java:1208)
at org.testng.TestNG.runSuitesLocally(TestNG.java:1137)
at org.testng.TestNG.runSuites(TestNG.java:1049)
at org.testng.TestNG.run(TestNG.java:1017)
at org.testng.remote.AbstractRemoteTestNG.run(AbstractRemoteTestNG.java:115)
at org.testng.remote.RemoteTestNG.initAndRun(RemoteTestNG.java:251)
at org.testng.remote.RemoteTestNG.main(RemoteTestNG.java:77)
]]>
    </error>
  </testcase> <!-- printListOfData -->
</testsuite> <!-- TestNG0009DataFromSpreadsheet.PrintListOfData -->
