<?xml version="1.0" encoding="UTF-8"?>
<!-- Generated by org.testng.reporters.JUnitReportReporter -->
<testsuite hostname="DML-09303" failures="0" tests="2" name="TestNG0008AnnotationAttributes.InvocationTimeOut" time="34.478" errors="0" timestamp="18 Aug 2022 12:25:46 GMT" skipped="0">
  <testcase classname="TestNG0008AnnotationAttributes.InvocationTimeOut" name="openPrivacyPolicy" time="16.955"/>
  <testcase classname="TestNG0008AnnotationAttributes.InvocationTimeOut" name="openPrivacyPolicy" time="17.523"/>
</testsuite> <!-- TestNG0008AnnotationAttributes.InvocationTimeOut -->
