<?xml version="1.0" encoding="UTF-8"?>
<!-- Generated by org.testng.reporters.JUnitReportReporter -->
<testsuite hostname="DML-09303" failures="0" tests="3" name="TestNG0008AnnotationAttributes.InvocationCountAndThreadPoolSize" time="54.620" errors="0" timestamp="18 Aug 2022 08:42:10 GMT" skipped="0">
  <testcase classname="TestNG0008AnnotationAttributes.InvocationCountAndThreadPoolSize" name="openPrivacyPolicy" time="19.451"/>
  <testcase classname="TestNG0008AnnotationAttributes.InvocationCountAndThreadPoolSize" name="openPrivacyPolicy" time="19.451"/>
  <testcase classname="TestNG0008AnnotationAttributes.InvocationCountAndThreadPoolSize" name="openPrivacyPolicy" time="15.718"/>
</testsuite> <!-- TestNG0008AnnotationAttributes.InvocationCountAndThreadPoolSize -->
