<?xml version="1.0" encoding="UTF-8"?>
<!-- Generated by org.testng.reporters.JUnitReportReporter -->
<testsuite hostname="DML-09303" failures="0" tests="2" name="TestNG0010DataFromNativeExcelFile.RealExample" time="6.468" errors="0" timestamp="21 Aug 2022 12:57:41 GMT" skipped="0">
  <testcase classname="TestNG0010DataFromNativeExcelFile.RealExample" name="enterFirstName" time="3.294"/>
  <testcase classname="TestNG0010DataFromNativeExcelFile.RealExample" name="writeToExcelFile" time="3.174"/>
</testsuite> <!-- TestNG0010DataFromNativeExcelFile.RealExample -->
