<?xml version="1.0" encoding="UTF-8"?>
<!-- Generated by org.testng.reporters.JUnitReportReporter -->
<testsuite hostname="DML-09303" failures="0" tests="3" name="TestNG0008AnnotationAttributes.expectedException" time="6.322" errors="0" timestamp="16 Aug 2022 14:46:16 GMT" skipped="0">
  <testcase classname="TestNG0008AnnotationAttributes.expectedException" name="waiting" time="2.024"/>
  <testcase classname="TestNG0008AnnotationAttributes.expectedException" name="enterFirstName" time="2.166"/>
  <testcase classname="TestNG0008AnnotationAttributes.expectedException" name="enterLastName" time="2.132"/>
</testsuite> <!-- TestNG0008AnnotationAttributes.expectedException -->
