<?xml version="1.0" encoding="UTF-8"?>
<!-- Generated by org.testng.reporters.JUnitReportReporter -->
<testsuite hostname="DML-09303" failures="0" tests="1" name="ASDFAS.BaseSetup" time="11.189" errors="0" timestamp="25 Aug 2022 08:50:26 GMT" skipped="0">
  <testcase classname="ASDFAS.BaseSetup" name="testBaseSetup" time="11.189"/>
</testsuite> <!-- ASDFAS.BaseSetup -->
