<?xml version="1.0" encoding="UTF-8"?>
<!-- Generated by org.testng.reporters.JUnitReportReporter -->
<testsuite hostname="DML-5HZMLL3" failures="0" tests="1" name="TestNG0011WebDriverManager.EdgeBrowser" time="20.299" errors="0" timestamp="2024-09-18T12:36:54 IST" skipped="0">
  <testcase classname="TestNG0011WebDriverManager.EdgeBrowser" name="launchBrowser" time="20.299"/>
</testsuite> <!-- TestNG0011WebDriverManager.EdgeBrowser -->
