<?xml version="1.0" encoding="UTF-8"?>
<!-- Generated by org.testng.reporters.JUnitReportReporter -->
<testsuite hostname="DML-09303" failures="0" tests="3" name="TestNG0012TestNGXMLOperations.ParameterizationUsingDataProvider" time="24.860" errors="0" timestamp="22 Aug 2022 10:02:38 GMT" skipped="0">
  <testcase classname="TestNG0012TestNGXMLOperations.ParameterizationUsingDataProvider" name="loginForm" time="8.948"/>
  <testcase classname="TestNG0012TestNGXMLOperations.ParameterizationUsingDataProvider" name="loginForm" time="7.713"/>
  <testcase classname="TestNG0012TestNGXMLOperations.ParameterizationUsingDataProvider" name="loginForm" time="8.199"/>
</testsuite> <!-- TestNG0012TestNGXMLOperations.ParameterizationUsingDataProvider -->
