<?xml version="1.0" encoding="UTF-8"?>
<!-- Generated by org.testng.reporters.JUnitReportReporter -->
<testsuite hostname="DML-09303" failures="0" tests="2" name="TestNG0014ListenerClassesExecution.IMethodInterceptorExecution" time="12.427" errors="0" timestamp="23 Aug 2022 08:28:22 GMT" skipped="0">
  <testcase classname="TestNG0014ListenerClassesExecution.IMethodInterceptorExecution" name="enterEmail" time="6.274"/>
  <testcase classname="TestNG0014ListenerClassesExecution.IMethodInterceptorExecution" name="enterPassword" time="6.153"/>
</testsuite> <!-- TestNG0014ListenerClassesExecution.IMethodInterceptorExecution -->
