<?xml version="1.0" encoding="UTF-8"?>
<!-- Generated by org.testng.reporters.JUnitReportReporter -->
<testsuite hostname="DML-09303" failures="0" tests="1" name="TestNG0018FrameworkIntegration.BaseClass" time="0.053" errors="0" timestamp="26 Aug 2022 11:48:05 GMT" skipped="0">
  <testcase classname="TestNG0018FrameworkIntegration.BaseClass" name="deletefile" time="0.053"/>
</testsuite> <!-- TestNG0018FrameworkIntegration.BaseClass -->
