<?xml version="1.0" encoding="UTF-8"?>
<!-- Generated by org.testng.reporters.JUnitReportReporter -->
<testsuite hostname="DML-5HZMLL3" failures="0" tests="3" name="TestNG0012TestNGXMLOperations.ParameterizationUsingDataProviderInSameClass" time="27.851" errors="0" timestamp="2024-09-30T12:53:42 IST" skipped="0">
  <testcase classname="TestNG0012TestNGXMLOperations.ParameterizationUsingDataProviderInSameClass" name="loginForm" time="8.637"/>
  <testcase classname="TestNG0012TestNGXMLOperations.ParameterizationUsingDataProviderInSameClass" name="loginForm" time="7.502"/>
  <testcase classname="TestNG0012TestNGXMLOperations.ParameterizationUsingDataProviderInSameClass" name="loginForm" time="11.712"/>
</testsuite> <!-- TestNG0012TestNGXMLOperations.ParameterizationUsingDataProviderInSameClass -->
