<?xml version="1.0" encoding="UTF-8"?>
<!-- Generated by org.testng.reporters.JUnitReportReporter -->
<testsuite hostname="DML-09303" failures="0" tests="2" name="TestNG0008AnnotationAttributes.valueWithInheritGroups" time="8.244" errors="0" timestamp="18 Aug 2022 11:46:56 GMT" skipped="0">
  <testcase classname="TestNG0008AnnotationAttributes.valueWithInheritGroups" name="enterFirstName" time="4.131"/>
  <testcase classname="TestNG0008AnnotationAttributes.valueWithInheritGroups" name="enterLastName" time="4.113"/>
</testsuite> <!-- TestNG0008AnnotationAttributes.valueWithInheritGroups -->
