<?xml version="1.0" encoding="UTF-8"?>
<!-- Generated by org.testng.reporters.JUnitReportReporter -->
<testsuite hostname="DML-09303" failures="0" tests="1" name="TestNG0010DataFromNativeExcelFile.PrintListOfData" time="1.060" errors="0" timestamp="21 Aug 2022 14:46:49 GMT" skipped="0">
  <testcase classname="TestNG0010DataFromNativeExcelFile.PrintListOfData" name="printListOfData" time="1.060"/>
</testsuite> <!-- TestNG0010DataFromNativeExcelFile.PrintListOfData -->
