<?xml version="1.0" encoding="UTF-8"?>
<!-- Generated by org.testng.reporters.JUnitReportReporter -->
<testsuite hostname="DML-09303" failures="0" tests="1" name="TestNG0012TestNGOperations.RunFirstProgramFromTestNG" time="8.603" errors="0" timestamp="22 Aug 2022 08:08:26 GMT" skipped="0">
  <testcase classname="TestNG0012TestNGOperations.RunFirstProgramFromTestNG" name="launchBrowser" time="8.603"/>
</testsuite> <!-- TestNG0012TestNGOperations.RunFirstProgramFromTestNG -->
