<?xml version="1.0" encoding="UTF-8"?>
<!-- Generated by org.testng.reporters.JUnitReportReporter -->
<testsuite hostname="DML-09303" failures="0" tests="4" name="TestNG0008AnnotationAttributes.Groups" time="9.219" errors="0" timestamp="18 Aug 2022 08:17:12 GMT" skipped="0">
  <testcase classname="TestNG0008AnnotationAttributes.Groups" name="enterLastName" time="2.244"/>
  <testcase classname="TestNG0008AnnotationAttributes.Groups" name="enterFirstName" time="2.465"/>
  <testcase classname="TestNG0008AnnotationAttributes.Groups" name="enterFirstName" time="2.314"/>
  <testcase classname="TestNG0008AnnotationAttributes.Groups" name="enterLastName" time="2.196"/>
</testsuite> <!-- TestNG0008AnnotationAttributes.Groups -->
