<?xml version="1.0" encoding="UTF-8"?>
<!-- Generated by org.testng.reporters.JUnitReportReporter -->
<testsuite hostname="DML-09303" failures="0" tests="1" name="TestNG0008AnnotationAttributes.Timeout" time="10.030" errors="1" timestamp="16 Aug 2022 15:15:19 GMT" skipped="0">
  <testcase classname="TestNG0008AnnotationAttributes.Timeout" name="openPrivacyPolicy" time="10.030">
    <error message="Method TestNG0008AnnotationAttributes.Timeout.openPrivacyPolicy() didn&#039;t finish within the time-out 10000" type="org.testng.internal.thread.ThreadTimeoutException">
      <![CDATA[org.testng.internal.thread.ThreadTimeoutException: Method TestNG0008AnnotationAttributes.Timeout.openPrivacyPolicy() didn't finish within the time-out 10000
at java.base@11.0.13/java.lang.reflect.InvocationTargetException.getCause(InvocationTargetException.java:110)
at app//org.testng.internal.InvokeMethodRunnable.runOne(InvokeMethodRunnable.java:61)
at app//org.testng.internal.InvokeMethodRunnable.run(InvokeMethodRunnable.java:44)
at java.base@11.0.13/java.util.concurrent.Executors$RunnableAdapter.call(Executors.java:515)
at java.base@11.0.13/java.util.concurrent.FutureTask.run(FutureTask.java:264)
at java.base@11.0.13/java.util.concurrent.ThreadPoolExecutor.runWorker(ThreadPoolExecutor.java:1128)
at java.base@11.0.13/java.util.concurrent.ThreadPoolExecutor$Worker.run(ThreadPoolExecutor.java:628)
at java.base@11.0.13/java.lang.Thread.run(Thread.java:834)
]]>
    </error>
  </testcase> <!-- openPrivacyPolicy -->
</testsuite> <!-- TestNG0008AnnotationAttributes.Timeout -->
