<?xml version="1.0" encoding="UTF-8"?>
<!-- Generated by org.testng.reporters.JUnitReportReporter -->
<testsuite hostname="DML-5HZMLL3" failures="0" tests="2" name="TestNG0009DataFromSpreadsheet.RealExampleOfFetchingData" time="0.201" errors="1" timestamp="10 May 2024 10:31:02 GMT" skipped="1">
  <testcase classname="TestNG0009DataFromSpreadsheet.RealExampleOfFetchingData" name="enterFirstName" time="0.000">
    <skipped/>
  </testcase> <!-- enterFirstName -->
  <testcase classname="TestNG0009DataFromSpreadsheet.RealExampleOfFetchingData" name="launchBrowser" time="0.201">
    <error message="org/apache/commons/io/FileUtils" type="java.lang.NoClassDefFoundError">
      <![CDATA[java.lang.NoClassDefFoundError: org/apache/commons/io/FileUtils
at io.github.bonigarcia.wdm.cache.CacheHandler.getFilesInCache(CacheHandler.java:74)
at io.github.bonigarcia.wdm.cache.CacheHandler.getDriverFromCache(CacheHandler.java:84)
at io.github.bonigarcia.wdm.WebDriverManager.manage(WebDriverManager.java:1165)
at io.github.bonigarcia.wdm.WebDriverManager.setup(WebDriverManager.java:425)
at TestNG0009DataFromSpreadsheet.RealExampleOfFetchingData.launchBrowser(RealExampleOfFetchingData.java:27)
at java.base/jdk.internal.reflect.NativeMethodAccessorImpl.invoke0(Native Method)
at java.base/jdk.internal.reflect.NativeMethodAccessorImpl.invoke(NativeMethodAccessorImpl.java:77)
at java.base/jdk.internal.reflect.DelegatingMethodAccessorImpl.invoke(DelegatingMethodAccessorImpl.java:43)
at java.base/java.lang.reflect.Method.invoke(Method.java:568)
at org.testng.internal.MethodInvocationHelper.invokeMethod(MethodInvocationHelper.java:124)
at org.testng.internal.MethodInvocationHelper.invokeMethodConsideringTimeout(MethodInvocationHelper.java:59)
at org.testng.internal.Invoker.invokeConfigurationMethod(Invoker.java:458)
at org.testng.internal.Invoker.invokeConfigurations(Invoker.java:222)
at org.testng.internal.Invoker.invokeConfigurations(Invoker.java:142)
at org.testng.TestRunner.beforeRun(TestRunner.java:529)
at org.testng.TestRunner.run(TestRunner.java:497)
at org.testng.SuiteRunner.runTest(SuiteRunner.java:455)
at org.testng.SuiteRunner.runSequentially(SuiteRunner.java:450)
at org.testng.SuiteRunner.privateRun(SuiteRunner.java:415)
at org.testng.SuiteRunner.run(SuiteRunner.java:364)
at org.testng.SuiteRunnerWorker.runSuite(SuiteRunnerWorker.java:52)
at org.testng.SuiteRunnerWorker.run(SuiteRunnerWorker.java:84)
at org.testng.TestNG.runSuitesSequentially(TestNG.java:1208)
at org.testng.TestNG.runSuitesLocally(TestNG.java:1137)
at org.testng.TestNG.runSuites(TestNG.java:1049)
at org.testng.TestNG.run(TestNG.java:1017)
at org.testng.remote.AbstractRemoteTestNG.run(AbstractRemoteTestNG.java:115)
at org.testng.remote.RemoteTestNG.initAndRun(RemoteTestNG.java:251)
at org.testng.remote.RemoteTestNG.main(RemoteTestNG.java:77)
Caused by: java.lang.ClassNotFoundException: org.apache.commons.io.FileUtils
at java.base/jdk.internal.loader.BuiltinClassLoader.loadClass(BuiltinClassLoader.java:641)
at java.base/jdk.internal.loader.ClassLoaders$AppClassLoader.loadClass(ClassLoaders.java:188)
at java.base/java.lang.ClassLoader.loadClass(ClassLoader.java:520)
... 29 more
]]>
    </error>
  </testcase> <!-- launchBrowser -->
</testsuite> <!-- TestNG0009DataFromSpreadsheet.RealExampleOfFetchingData -->
