<?xml version="1.0" encoding="UTF-8"?>
<!-- Generated by org.testng.reporters.JUnitReportReporter -->
<testsuite hostname="DML-09303" failures="0" tests="1" name="TestNG0018FrameworkIntegration.BaseClass" time="21.630" errors="0" timestamp="01 Sep 2022 02:50:25 GMT" skipped="0">
  <testcase classname="TestNG0018FrameworkIntegration.BaseClass" name="testBaseSetup" time="21.630"/>
</testsuite> <!-- TestNG0018FrameworkIntegration.BaseClass -->
