<?xml version="1.0" encoding="UTF-8"?>
<!-- Generated by org.testng.reporters.JUnitReportReporter -->
<testsuite hostname="DML-5HZMLL3" failures="0" tests="1" name="TestNG0010DataFromNativeExcelFile.ReadCompleteDataOfSheet" time="0.755" errors="0" timestamp="2024-09-30T13:33:26 IST" skipped="0">
  <testcase classname="TestNG0010DataFromNativeExcelFile.ReadCompleteDataOfSheet" name="readCompleteData" time="0.755"/>
</testsuite> <!-- TestNG0010DataFromNativeExcelFile.ReadCompleteDataOfSheet -->
