<?xml version="1.0" encoding="UTF-8"?>
<!-- Generated by org.testng.reporters.JUnitReportReporter -->
<testsuite hostname="DML-09303" failures="0" tests="1" name="TestNG0010DataFromNativeExcelFile.ReadCompleteDataOfSheet" time="0.837" errors="0" timestamp="21 Aug 2022 10:36:32 GMT" skipped="0">
  <testcase classname="TestNG0010DataFromNativeExcelFile.ReadCompleteDataOfSheet" name="readCompleteData" time="0.837"/>
</testsuite> <!-- TestNG0010DataFromNativeExcelFile.ReadCompleteDataOfSheet -->
