<?xml version="1.0" encoding="UTF-8"?>
<!-- Generated by org.testng.reporters.JUnitReportReporter -->
<testsuite hostname="DML-5HZMLL3" failures="0" tests="1" name="TestNG0010DataFromNativeExcelFile.ReadCompleteDataFromSheet" time="0.495" errors="0" timestamp="2024-09-30T15:55:30 IST" skipped="0">
  <testcase classname="TestNG0010DataFromNativeExcelFile.ReadCompleteDataFromSheet" name="readCompleteData" time="0.495"/>
</testsuite> <!-- TestNG0010DataFromNativeExcelFile.ReadCompleteDataFromSheet -->
