<?xml version="1.0" encoding="UTF-8"?>
<!-- Generated by org.testng.reporters.JUnitReportReporter -->
<testsuite hostname="DML-09303" failures="0" tests="1" name="TestNG0010DataFromNativeExcelFile.ReadCompleteDataOfSheet" time="1.218" errors="0" timestamp="30 Sep 2022 08:17:05 GMT" skipped="0">
  <testcase classname="TestNG0010DataFromNativeExcelFile.ReadCompleteDataOfSheet" name="readCompleteData" time="1.218"/>
</testsuite> <!-- TestNG0010DataFromNativeExcelFile.ReadCompleteDataOfSheet -->
