<?xml version="1.0" encoding="UTF-8"?>
<!-- Generated by org.testng.reporters.JUnitReportReporter -->
<testsuite hostname="DML-09303" failures="0" tests="1" name="TestNG0011WebDriverManager.OperaBrowser" time="23.259" errors="0" timestamp="21 Aug 2022 13:47:02 GMT" skipped="0">
  <testcase classname="TestNG0011WebDriverManager.OperaBrowser" name="launchBrowser" time="23.259"/>
</testsuite> <!-- TestNG0011WebDriverManager.OperaBrowser -->
