<?xml version="1.0" encoding="UTF-8"?>
<!-- Generated by org.testng.reporters.JUnitReportReporter -->
<testsuite hostname="DML-09303" failures="0" tests="2" name="TestNG0006AnnotationImplementation.AfterClassAnnotation" time="4.700" errors="0" timestamp="14 Aug 2022 13:23:39 GMT" skipped="0">
  <testcase classname="TestNG0006AnnotationImplementation.AfterClassAnnotation" name="enterFullName" time="2.272"/>
  <testcase classname="TestNG0006AnnotationImplementation.AfterClassAnnotation" name="enterEmailID" time="2.428"/>
</testsuite> <!-- TestNG0006AnnotationImplementation.AfterClassAnnotation -->
