<?xml version="1.0" encoding="UTF-8"?>
<!-- Generated by org.testng.reporters.JUnitReportReporter -->
<testsuite hostname="DML-09303" failures="0" tests="1" name="TestNG0011WebDriverManager.EdgeWebDriver" time="34.527" errors="0" timestamp="21 Aug 2022 13:30:26 GMT" skipped="0">
  <testcase classname="TestNG0011WebDriverManager.EdgeWebDriver" name="launchBrowser" time="34.527"/>
</testsuite> <!-- TestNG0011WebDriverManager.EdgeWebDriver -->
