<?xml version="1.0" encoding="UTF-8"?>
<!-- Generated by org.testng.reporters.JUnitReportReporter -->
<testsuite hostname="DML-09303" failures="0" tests="2" name="TestNG0014ListenerClassesExecution.IAnnotationListenerExecution" time="4.647" errors="0" timestamp="22 Aug 2022 11:59:03 GMT" skipped="0">
  <testcase classname="TestNG0014ListenerClassesExecution.IAnnotationListenerExecution" name="enterEmail" time="2.263"/>
  <testcase classname="TestNG0014ListenerClassesExecution.IAnnotationListenerExecution" name="enterEmail" time="2.384"/>
</testsuite> <!-- TestNG0014ListenerClassesExecution.IAnnotationListenerExecution -->
