<?xml version="1.0" encoding="UTF-8"?>
<!-- Generated by org.testng.reporters.JUnitReportReporter -->
<testsuite hostname="DML-5HZMLL3" failures="0" tests="1" name="TestNG0009DataFromSpreadsheet.PrintListOfData" time="3.158" errors="0" timestamp="2024-07-24T18:59:22 IST" skipped="0">
  <testcase classname="TestNG0009DataFromSpreadsheet.PrintListOfData" name="printListOfData" time="3.158"/>
</testsuite> <!-- TestNG0009DataFromSpreadsheet.PrintListOfData -->
