<?xml version="1.0" encoding="UTF-8"?>
<!-- Generated by org.testng.reporters.JUnitReportReporter -->
<testsuite hostname="DML-09303" failures="0" tests="3" name="TestNG0008AnnotationAttributes.expectedException" time="4.296" errors="0" timestamp="18 Aug 2022 09:04:17 GMT" skipped="0">
  <testcase classname="TestNG0008AnnotationAttributes.expectedException" name="exceptionTestOne" time="0.004"/>
  <testcase classname="TestNG0008AnnotationAttributes.expectedException" name="enterFirstName" time="2.182"/>
  <testcase classname="TestNG0008AnnotationAttributes.expectedException" name="enterLastName" time="2.110"/>
</testsuite> <!-- TestNG0008AnnotationAttributes.expectedException -->
