<?xml version="1.0" encoding="UTF-8"?>
<!-- Generated by org.testng.reporters.JUnitReportReporter -->
<testsuite hostname="DML-09303" failures="0" tests="3" name="TestNG0014ListenerClassesExecution.IConfigurationListenerExecution" time="19.337" errors="0" timestamp="23 Aug 2022 12:28:03 GMT" skipped="0">
  <testcase classname="TestNG0014ListenerClassesExecution.IConfigurationListenerExecution" name="enterEmail" time="6.899"/>
  <testcase classname="TestNG0014ListenerClassesExecution.IConfigurationListenerExecution" name="enterPassword" time="6.219"/>
  <testcase classname="TestNG0014ListenerClassesExecution.IConfigurationListenerExecution" name="clickLoginButton" time="6.219"/>
</testsuite> <!-- TestNG0014ListenerClassesExecution.IConfigurationListenerExecution -->
