<?xml version="1.0" encoding="UTF-8"?>
<!-- Generated by org.testng.reporters.JUnitReportReporter -->
<testsuite hostname="DML-09303" failures="0" tests="1" name="TestNG0006AnnotationImplementation.BeforeTestAnnotation" time="0.000" errors="0" timestamp="14 Aug 2022 12:41:49 GMT" skipped="1">
  <testcase classname="TestNG0006AnnotationImplementation.BeforeTestAnnotation" name="enterFullName" time="0.000">
    <skipped/>
  </testcase> <!-- enterFullName -->
</testsuite> <!-- TestNG0006AnnotationImplementation.BeforeTestAnnotation -->
